
> studyhub-grade8@1.1.0 start
> react-scripts start

(node:2680) [DEP_WEBPACK_DEV_SERVER_ON_AFTER_SETUP_MIDDLEWARE] DeprecationWarning: 'onAfterSetupMiddleware' option is deprecated. Please use the 'setupMiddlewares' option.
(Use `node --trace-deprecation ...` to show where the warning was created)
(node:2680) [DEP_WEBPACK_DEV_SERVER_ON_BEFORE_SETUP_MIDDLEWARE] DeprecationWarning: 'onBeforeSetupMiddleware' option is deprecated. Please use the 'setupMiddlewares' option.
Starting the development server...

Compiled with warnings.

[eslint]
src/components/QuizSection/index.jsx
  Line 3:129:  'ImageIcon' is defined but never used  no-unused-vars

src/components/SettingsPanel.jsx
  Line 19:7:   'TOPIC_OPTIONS' is assigned a value but never used      no-unused-vars
  Line 91:11:  'handleTopicToggle' is assigned a value but never used  no-unused-vars

src/contexts/StudyContext.jsx
  Line 95:8:  React Hook useEffect has missing dependencies: 'progress.achievements', 'progress.lastStudyDate', 'progress.streak', and 'updateProgress'. Either include them or remove the dependency array  react-hooks/exhaustive-deps

Search for the keywords to learn more about each warning.
To ignore, add // eslint-disable-next-line to the line before.

WARNING in [eslint]
src/components/QuizSection/index.jsx
  Line 3:129:  'ImageIcon' is defined but never used  no-unused-vars

src/components/SettingsPanel.jsx
  Line 19:7:   'TOPIC_OPTIONS' is assigned a value but never used      no-unused-vars
  Line 91:11:  'handleTopicToggle' is assigned a value but never used  no-unused-vars

src/contexts/StudyContext.jsx
  Line 95:8:  React Hook useEffect has missing dependencies: 'progress.achievements', 'progress.lastStudyDate', 'progress.streak', and 'updateProgress'. Either include them or remove the dependency array  react-hooks/exhaustive-deps

webpack compiled with 1 warning
Compiling...
Compiled with warnings.

[eslint]
src/components/QuizSection/index.jsx
  Line 3:129:  'ImageIcon' is defined but never used  no-unused-vars

src/components/SettingsPanel.jsx
  Line 19:7:   'TOPIC_OPTIONS' is assigned a value but never used      no-unused-vars
  Line 91:11:  'handleTopicToggle' is assigned a value but never used  no-unused-vars

Search for the keywords to learn more about each warning.
To ignore, add // eslint-disable-next-line to the line before.

WARNING in [eslint]
src/components/QuizSection/index.jsx
  Line 3:129:  'ImageIcon' is defined but never used  no-unused-vars

src/components/SettingsPanel.jsx
  Line 19:7:   'TOPIC_OPTIONS' is assigned a value but never used      no-unused-vars
  Line 91:11:  'handleTopicToggle' is assigned a value but never used  no-unused-vars

webpack compiled with 1 warning
